user_id = R9430M3169U8167L; Expires=Sun, 22 Nov 2020 18:51:15 GMT; Secure; HttpOnly; remember_me=true
User-Agent :  python-requests/2.23.0

user_id = Z1149W247F2972K; Expires=Sun, 22 Nov 2020 18:51:15 GMT; Secure; HttpOnly; remember_me=true
User-Agent :  python-requests/2.23.0

user_id = Z924A3787I1781G; Expires=Sun, 22 Nov 2020 18:51:15 GMT; Secure; HttpOnly; remember_me=true
User-Agent :  python-requests/2.23.0

user_id = D8080M9382G2569J; Expires=Sun, 22 Nov 2020 18:51:15 GMT; Secure; HttpOnly; remember_me=true
User-Agent :  python-requests/2.23.0

user_id = D8332O4657V10053B; Expires=Sun, 22 Nov 2020 18:51:16 GMT; Secure; HttpOnly; remember_me=true
User-Agent :  python-requests/2.23.0

user_id = C3658O562P879S; Expires=Sun, 22 Nov 2020 18:51:16 GMT; Secure; HttpOnly; remember_me=true
User-Agent :  python-requests/2.23.0

user_id = Z6978Z5741R4753X; Expires=Sun, 22 Nov 2020 18:51:16 GMT; Secure; HttpOnly; remember_me=true
User-Agent :  python-requests/2.23.0

user_id = N29Z7176J6180Y; Expires=Sun, 22 Nov 2020 18:51:16 GMT; Secure; HttpOnly; remember_me=true
User-Agent :  python-requests/2.23.0

user_id = Z9911Y5361K8254Z; Expires=Sun, 22 Nov 2020 18:51:16 GMT; Secure; HttpOnly; remember_me=true
User-Agent :  python-requests/2.23.0

user_id = W1041A6490Z4546B; Expires=Sun, 22 Nov 2020 18:51:16 GMT; Secure; HttpOnly; remember_me=true
User-Agent :  python-requests/2.23.0

user_id = G864Y4479I1762P; Expires=Sun, 22 Nov 2020 18:51:16 GMT; Secure; HttpOnly; remember_me=true
User-Agent :  python-requests/2.23.0

user_id = O5135T3557I8682W; Expires=Sun, 22 Nov 2020 18:51:16 GMT; Secure; HttpOnly; remember_me=true
User-Agent :  python-requests/2.23.0

user_id = L1697L2182H1719G; Expires=Sun, 22 Nov 2020 20:31:23 GMT; Secure; HttpOnly; remember_me=true
User-Agent :  python-requests/2.23.0

user_id = Q4380E632O3431M; Expires=Sun, 22 Nov 2020 20:31:23 GMT; Secure; HttpOnly; remember_me=true
User-Agent :  python-requests/2.23.0

user_id = R533K8785H9461E; Expires=Sun, 22 Nov 2020 20:31:23 GMT; Secure; HttpOnly; remember_me=true
User-Agent :  python-requests/2.23.0

user_id = Z3963Q3062Z1149I; Expires=Sun, 22 Nov 2020 20:31:23 GMT; Secure; HttpOnly; remember_me=true
User-Agent :  python-requests/2.23.0

user_id = W9077A7344V7349A; Expires=Sun, 22 Nov 2020 20:31:23 GMT; Secure; HttpOnly; remember_me=true
User-Agent :  python-requests/2.23.0

user_id = N7145D8034N9432R; Expires=Sun, 22 Nov 2020 20:31:23 GMT; Secure; HttpOnly; remember_me=true
User-Agent :  python-requests/2.23.0

user_id = Z6713M2432Y7424U; Expires=Sun, 22 Nov 2020 20:31:23 GMT; Secure; HttpOnly; remember_me=true
User-Agent :  python-requests/2.23.0

user_id = B320L9523J4326V; Expires=Sun, 22 Nov 2020 20:31:23 GMT; Secure; HttpOnly; remember_me=true
User-Agent :  python-requests/2.23.0

user_id = I350Y8020R1335C; Expires=Sun, 22 Nov 2020 20:31:23 GMT; Secure; HttpOnly; remember_me=true
User-Agent :  python-requests/2.23.0

user_id = F4984A899I996T; Expires=Sun, 22 Nov 2020 20:31:23 GMT; Secure; HttpOnly; remember_me=true
User-Agent :  python-requests/2.23.0

user_id = Y5911H3173J7473N; Expires=Sun, 22 Nov 2020 20:31:23 GMT; Secure; HttpOnly; remember_me=true
User-Agent :  python-requests/2.23.0

user_id = N4944T3126V6213S; Expires=Sun, 22 Nov 2020 20:31:23 GMT; Secure; HttpOnly; remember_me=true
User-Agent :  python-requests/2.23.0

user_id = D4114F913H2988X; Expires=Sun, 22 Nov 2020 20:40:18 GMT; Secure; HttpOnly; remember_me=true
User-Agent :  Mozilla/5.0 (X11; Ubuntu; Linux x86_64; rv72.0) Gecko/20100101 Firefox/72.0

user_id = Z3134F2147T8680Q; Expires=Fri, 18 Dec 2020 14:27:01 GMT; Secure; HttpOnly; remember_me=true
User-Agent :  python-requests/2.23.0

user_id = B1689Q93C286Z; Expires=Fri, 18 Dec 2020 14:27:01 GMT; Secure; HttpOnly; remember_me=true
User-Agent :  python-requests/2.23.0

user_id = F9031L361D5610W; Expires=Fri, 18 Dec 2020 14:27:01 GMT; Secure; HttpOnly; remember_me=true
User-Agent :  python-requests/2.23.0

user_id = S6421J6384D4830L; Expires=Fri, 18 Dec 2020 14:27:01 GMT; Secure; HttpOnly; remember_me=true
User-Agent :  python-requests/2.23.0

user_id = W587Q1275P5344H; Expires=Fri, 18 Dec 2020 14:27:01 GMT; Secure; HttpOnly; remember_me=true
User-Agent :  python-requests/2.23.0

user_id = I486A2580F62100G; Expires=Fri, 18 Dec 2020 14:27:01 GMT; Secure; HttpOnly; remember_me=true
User-Agent :  python-requests/2.23.0

user_id = W577T810L6036F; Expires=Fri, 18 Dec 2020 14:27:01 GMT; Secure; HttpOnly; remember_me=true
User-Agent :  python-requests/2.23.0

user_id = A7257P9230F2781V; Expires=Fri, 18 Dec 2020 14:27:01 GMT; Secure; HttpOnly; remember_me=true
User-Agent :  python-requests/2.23.0

user_id = S8214L4521H088F; Expires=Fri, 18 Dec 2020 14:27:01 GMT; Secure; HttpOnly; remember_me=true
User-Agent :  python-requests/2.23.0

user_id = E4185G8932P2794E; Expires=Fri, 18 Dec 2020 14:27:01 GMT; Secure; HttpOnly; remember_me=true
User-Agent :  python-requests/2.23.0

user_id = R4333T641L7228G; Expires=Fri, 18 Dec 2020 14:27:01 GMT; Secure; HttpOnly; remember_me=true
User-Agent :  python-requests/2.23.0

user_id = U7460O4273B1819V; Expires=Fri, 18 Dec 2020 14:27:01 GMT; Secure; HttpOnly; remember_me=true
User-Agent :  python-requests/2.23.0

user_id = W2810X117U7197A; Expires=Fri, 18 Dec 2020 14:28:14 GMT; Secure; HttpOnly; remember_me=true
User-Agent :  Mozilla/5.0 (X11; Linux x86_64) AppleWebKit/537.36 (KHTML, like Gecko) Chrome/86.0.4240.111 Safari/537.36

user_id = G3955W9752V232F; Expires=Fri, 18 Dec 2020 14:33:20 GMT; Secure; HttpOnly; remember_me=true
User-Agent :  Mozilla/5.0 (X11; Linux x86_64) AppleWebKit/537.36 (KHTML, like Gecko) Chrome/86.0.4240.111 Safari/537.36

user_id = U7238J3191A1048M; Expires=Fri, 18 Dec 2020 14:46:07 GMT; Secure; HttpOnly; remember_me=true
User-Agent :  python-requests/2.23.0

user_id = N9598U4572I5634Q; Expires=Fri, 18 Dec 2020 14:46:07 GMT; Secure; HttpOnly; remember_me=true
User-Agent :  python-requests/2.23.0

user_id = Q2787T7557P736D; Expires=Fri, 18 Dec 2020 14:46:07 GMT; Secure; HttpOnly; remember_me=true
User-Agent :  python-requests/2.23.0

user_id = H2122R7050D5630T; Expires=Fri, 18 Dec 2020 14:46:07 GMT; Secure; HttpOnly; remember_me=true
User-Agent :  python-requests/2.23.0

user_id = E1687T9179Y10041W; Expires=Fri, 18 Dec 2020 14:46:07 GMT; Secure; HttpOnly; remember_me=true
User-Agent :  python-requests/2.23.0

user_id = W6211N3595Q5335R; Expires=Fri, 18 Dec 2020 14:46:07 GMT; Secure; HttpOnly; remember_me=true
User-Agent :  python-requests/2.23.0

user_id = S74100S820T438F; Expires=Fri, 18 Dec 2020 14:46:07 GMT; Secure; HttpOnly; remember_me=true
User-Agent :  python-requests/2.23.0

user_id = E9298C2185P4390O; Expires=Fri, 18 Dec 2020 14:46:07 GMT; Secure; HttpOnly; remember_me=true
User-Agent :  python-requests/2.23.0

user_id = W2165E2975T5859D; Expires=Fri, 18 Dec 2020 14:46:07 GMT; Secure; HttpOnly; remember_me=true
User-Agent :  python-requests/2.23.0

user_id = P8564P302H9313O; Expires=Fri, 18 Dec 2020 14:46:07 GMT; Secure; HttpOnly; remember_me=true
User-Agent :  python-requests/2.23.0

user_id = G4083Z473B3226U; Expires=Fri, 18 Dec 2020 14:46:07 GMT; Secure; HttpOnly; remember_me=true
User-Agent :  python-requests/2.23.0

user_id = P3988K6914B3477M; Expires=Fri, 18 Dec 2020 14:46:07 GMT; Secure; HttpOnly; remember_me=true
User-Agent :  python-requests/2.23.0

user_id = K1960B3116F332Y; Expires=Wed, 23 Dec 2020 18:03:36 GMT; Secure; HttpOnly; remember_me=true
User-Agent :  Mozilla/5.0 (X11; Ubuntu; Linux x86_64; rv72.0) Gecko/20100101 Firefox/72.0

